<?xml version="1.0" encoding="UTF-8"?>
<testsuite name="Gradle test"
           tests="3"
           failures="0"
           errors="0"
           skipped="0"
           time="11.320">
    <properties></properties>



            <testcase
                name="testSearchWithIncorrectKeyword"
                time="1.063"
                classname="tests.SearchTest">
            </testcase>
            <testcase
                name="testSearchWithItestSearchWithSpecialCharactersncorrectKeyword"
                time="1.105"
                classname="tests.SearchTest">
            </testcase>
            <testcase
                name="testSearchSuccess"
                time="9.152"
                classname="tests.SearchTest">
            </testcase>
</testsuite>
