<?xml version="1.0" encoding="UTF-8"?>
<testng-results ignored="0" total="3" passed="3" failed="0" skipped="0">
  <reporter-output>
  </reporter-output>
  <suite started-at="2025-02-13T13:10:22 ICT" name="Gradle suite" finished-at="2025-02-13T13:10:34 ICT" duration-ms="11480">
    <groups>
    </groups>
    <test started-at="2025-02-13T13:10:22 ICT" name="Gradle test" finished-at="2025-02-13T13:10:34 ICT" duration-ms="11480">
      <class name="tests.SearchTest">
        <test-method is-config="true" signature="setupSuite()[pri:0, instance:tests.SearchTest@72be135f]" started-at="2025-02-13T13:10:09 ICT" name="setupSuite" finished-at="2025-02-13T13:10:22 ICT" duration-ms="13490" status="PASS">
          <reporter-output>
          </reporter-output>
        </test-method> <!-- setupSuite -->
        <test-method is-config="true" signature="setupTest()[pri:0, instance:tests.SearchTest@72be135f]" started-at="2025-02-13T13:10:22 ICT" name="setupTest" finished-at="2025-02-13T13:10:22 ICT" duration-ms="10" status="PASS">
          <reporter-output>
          </reporter-output>
        </test-method> <!-- setupTest -->
        <test-method signature="testSearchSuccess()[pri:0, instance:tests.SearchTest@72be135f]" started-at="2025-02-13T13:10:22 ICT" name="testSearchSuccess" finished-at="2025-02-13T13:10:31 ICT" duration-ms="9152" status="PASS">
          <reporter-output>
          </reporter-output>
        </test-method> <!-- testSearchSuccess -->
        <test-method signature="testSearchWithIncorrectKeyword()[pri:1, instance:tests.SearchTest@72be135f]" started-at="2025-02-13T13:10:31 ICT" name="testSearchWithIncorrectKeyword" finished-at="2025-02-13T13:10:32 ICT" duration-ms="1063" status="PASS">
          <reporter-output>
          </reporter-output>
        </test-method> <!-- testSearchWithIncorrectKeyword -->
        <test-method signature="testSearchWithItestSearchWithSpecialCharactersncorrectKeyword()[pri:2, instance:tests.SearchTest@72be135f]" started-at="2025-02-13T13:10:32 ICT" name="testSearchWithItestSearchWithSpecialCharactersncorrectKeyword" finished-at="2025-02-13T13:10:34 ICT" duration-ms="1105" status="PASS">
          <reporter-output>
          </reporter-output>
        </test-method> <!-- testSearchWithItestSearchWithSpecialCharactersncorrectKeyword -->
        <test-method is-config="true" signature="clearTest()[pri:0, instance:tests.SearchTest@72be135f]" started-at="2025-02-13T13:10:34 ICT" name="clearTest" finished-at="2025-02-13T13:10:34 ICT" duration-ms="136" status="PASS">
          <reporter-output>
          </reporter-output>
        </test-method> <!-- clearTest -->
        <test-method is-config="true" signature="cleanupSuite()[pri:0, instance:tests.SearchTest@72be135f]" started-at="2025-02-13T13:10:34 ICT" name="cleanupSuite" finished-at="2025-02-13T13:10:34 ICT" duration-ms="1" status="PASS">
          <reporter-output>
          </reporter-output>
        </test-method> <!-- cleanupSuite -->
      </class> <!-- tests.SearchTest -->
    </test> <!-- Gradle test -->
  </suite> <!-- Gradle suite -->
</testng-results>
