<?xml version="1.0" encoding="UTF-8"?>
<testng-results ignored="0" total="1" passed="1" failed="0" skipped="0">
  <reporter-output>
  </reporter-output>
  <suite started-at="2025-02-12T14:05:42 ICT" name="Gradle suite" finished-at="2025-02-12T14:05:42 ICT" duration-ms="32">
    <groups>
    </groups>
    <test started-at="2025-02-12T14:05:42 ICT" name="Gradle test" finished-at="2025-02-12T14:05:42 ICT" duration-ms="32">
      <class name="tests.LoginTest">
        <test-method is-config="true" signature="Bs()[pri:0, instance:tests.LoginTest@49b2a47d]" started-at="2025-02-12T14:04:42 ICT" name="Bs" finished-at="2025-02-12T14:05:42 ICT" duration-ms="59340" status="PASS">
          <reporter-output>
          </reporter-output>
        </test-method> <!-- Bs -->
        <test-method signature="compareTitle()[pri:0, instance:tests.LoginTest@49b2a47d]" started-at="2025-02-12T14:05:42 ICT" name="compareTitle" finished-at="2025-02-12T14:05:42 ICT" duration-ms="17" status="PASS">
          <reporter-output>
          </reporter-output>
        </test-method> <!-- compareTitle -->
        <test-method is-config="true" signature="As()[pri:0, instance:tests.LoginTest@49b2a47d]" started-at="2025-02-12T14:05:42 ICT" name="As" finished-at="2025-02-12T14:05:42 ICT" duration-ms="146" status="PASS">
          <reporter-output>
          </reporter-output>
        </test-method> <!-- As -->
      </class> <!-- tests.LoginTest -->
    </test> <!-- Gradle test -->
  </suite> <!-- Gradle suite -->
</testng-results>
