<?xml version="1.0" encoding="UTF-8"?>
<!-- Generated by org.testng.reporters.JUnitReportReporter -->
<testsuite hostname="DESKTOP-5VIOH5O" failures="0" tests="3" name="tests.SearchTest" time="11.320" errors="0" timestamp="2025-02-13T13:10:34 ICT" skipped="0">
  <testcase classname="tests.SearchTest" name="testSearchSuccess" time="9.152"/>
  <testcase classname="tests.SearchTest" name="testSearchWithIncorrectKeyword" time="1.063"/>
  <testcase classname="tests.SearchTest" name="testSearchWithItestSearchWithSpecialCharactersncorrectKeyword" time="1.105"/>
</testsuite> <!-- tests.SearchTest -->
