<?xml version="1.0" encoding="UTF-8"?>
<!-- Generated by org.testng.reporters.JUnitReportReporter -->
<testsuite hostname="DESKTOP-5VIOH5O" failures="0" tests="7" name="tests.SearchTest" time="35.992" errors="0" timestamp="2025-02-14T19:12:01 ICT" skipped="0">
  <testcase classname="tests.SearchTest" name="testSearchSuccess" time="17.143"/>
  <testcase classname="tests.SearchTest" name="testSearchFailed" time="2.630"/>
  <testcase classname="tests.SearchTest" name="testSearchWithItestSearchWithSpecialCharactersncorrectKeyword" time="2.348"/>
  <testcase classname="tests.SearchTest" name="testSearchWithCaseInsensitiveKeyword" time="2.360"/>
  <testcase classname="tests.SearchTest" name="testSearchWithLeadingTrailingSpaces" time="2.376"/>
  <testcase classname="tests.SearchTest" name="testSearchWithEmptyKeyword" time="6.617"/>
  <testcase classname="tests.SearchTest" name="testSearchWithMaxLengthKeyword" time="2.518"/>
</testsuite> <!-- tests.SearchTest -->
